Determining if the pthread_create exist failed with the following output:
Change Dir: /home/vincy/vin_ws/build/CMakeFiles/CMakeTmp

Run Build Command:"/usr/bin/make" "cmTC_85a9e/fast"
/usr/bin/make -f CMakeFiles/cmTC_85a9e.dir/build.make CMakeFiles/cmTC_85a9e.dir/build
make[1]: Entering directory '/home/vincy/vin_ws/build/CMakeFiles/CMakeTmp'
Building C object CMakeFiles/cmTC_85a9e.dir/CheckSymbolExists.c.o
/usr/bin/cc     -o CMakeFiles/cmTC_85a9e.dir/CheckSymbolExists.c.o   -c /home/vincy/vin_ws/build/CMakeFiles/CMakeTmp/CheckSymbolExists.c
Linking C executable cmTC_85a9e
/usr/bin/cmake -E cmake_link_script CMakeFiles/cmTC_85a9e.dir/link.txt --verbose=1
/usr/bin/cc       CMakeFiles/cmTC_85a9e.dir/CheckSymbolExists.c.o  -o cmTC_85a9e -rdynamic 
CMakeFiles/cmTC_85a9e.dir/CheckSymbolExists.c.o: In function `main':
CheckSymbolExists.c:(.text+0x16): undefined reference to `pthread_create'
collect2: error: ld returned 1 exit status
CMakeFiles/cmTC_85a9e.dir/build.make:97: recipe for target 'cmTC_85a9e' failed
make[1]: *** [cmTC_85a9e] Error 1
make[1]: Leaving directory '/home/vincy/vin_ws/build/CMakeFiles/CMakeTmp'
Makefile:126: recipe for target 'cmTC_85a9e/fast' failed
make: *** [cmTC_85a9e/fast] Error 2

File /home/vincy/vin_ws/build/CMakeFiles/CMakeTmp/CheckSymbolExists.c:
/* */
#include <pthread.h>

int main(int argc, char** argv)
{
  (void)argv;
#ifndef pthread_create
  return ((int*)(&pthread_create))[argc];
#else
  (void)argc;
  return 0;
#endif
}

Determining if the function pthread_create exists in the pthreads failed with the following output:
Change Dir: /home/vincy/vin_ws/build/CMakeFiles/CMakeTmp

Run Build Command:"/usr/bin/make" "cmTC_50308/fast"
/usr/bin/make -f CMakeFiles/cmTC_50308.dir/build.make CMakeFiles/cmTC_50308.dir/build
make[1]: Entering directory '/home/vincy/vin_ws/build/CMakeFiles/CMakeTmp'
Building C object CMakeFiles/cmTC_50308.dir/CheckFunctionExists.c.o
/usr/bin/cc    -DCHECK_FUNCTION_EXISTS=pthread_create   -o CMakeFiles/cmTC_50308.dir/CheckFunctionExists.c.o   -c /usr/share/cmake-3.5/Modules/CheckFunctionExists.c
Linking C executable cmTC_50308
/usr/bin/cmake -E cmake_link_script CMakeFiles/cmTC_50308.dir/link.txt --verbose=1
/usr/bin/cc   -DCHECK_FUNCTION_EXISTS=pthread_create    CMakeFiles/cmTC_50308.dir/CheckFunctionExists.c.o  -o cmTC_50308 -rdynamic -lpthreads 
/usr/bin/ld: cannot find -lpthreads
collect2: error: ld returned 1 exit status
CMakeFiles/cmTC_50308.dir/build.make:97: recipe for target 'cmTC_50308' failed
make[1]: *** [cmTC_50308] Error 1
make[1]: Leaving directory '/home/vincy/vin_ws/build/CMakeFiles/CMakeTmp'
Makefile:126: recipe for target 'cmTC_50308/fast' failed
make: *** [cmTC_50308/fast] Error 2


Determining if the include file FL/Fl.H exists failed with the following output:
Change Dir: /home/vincy/vin_ws/build/CMakeFiles/CMakeTmp

Run Build Command:"/usr/bin/make" "cmTC_805c3/fast"
make[1]: Entering directory '/home/vincy/vin_ws/build/CMakeFiles/CMakeTmp'
/usr/bin/make -f CMakeFiles/cmTC_805c3.dir/build.make CMakeFiles/cmTC_805c3.dir/build
make[2]: Entering directory '/home/vincy/vin_ws/build/CMakeFiles/CMakeTmp'
Building CXX object CMakeFiles/cmTC_805c3.dir/CheckIncludeFile.cxx.o
/usr/bin/c++      -o CMakeFiles/cmTC_805c3.dir/CheckIncludeFile.cxx.o -c /home/vincy/vin_ws/build/CMakeFiles/CMakeTmp/CheckIncludeFile.cxx
/home/vincy/vin_ws/build/CMakeFiles/CMakeTmp/CheckIncludeFile.cxx:1:19: fatal error: FL/Fl.H: No such file or directory
compilation terminated.
CMakeFiles/cmTC_805c3.dir/build.make:65: recipe for target 'CMakeFiles/cmTC_805c3.dir/CheckIncludeFile.cxx.o' failed
make[2]: *** [CMakeFiles/cmTC_805c3.dir/CheckIncludeFile.cxx.o] Error 1
make[2]: Leaving directory '/home/vincy/vin_ws/build/CMakeFiles/CMakeTmp'
Makefile:126: recipe for target 'cmTC_805c3/fast' failed
make[1]: *** [cmTC_805c3/fast] Error 2
make[1]: Leaving directory '/home/vincy/vin_ws/build/CMakeFiles/CMakeTmp'


Determining if the include file pgm.h exists failed with the following output:
Change Dir: /home/vincy/vin_ws/build/CMakeFiles/CMakeTmp

Run Build Command:"/usr/bin/make" "cmTC_96082/fast"
make[1]: Entering directory '/home/vincy/vin_ws/build/CMakeFiles/CMakeTmp'
/usr/bin/make -f CMakeFiles/cmTC_96082.dir/build.make CMakeFiles/cmTC_96082.dir/build
make[2]: Entering directory '/home/vincy/vin_ws/build/CMakeFiles/CMakeTmp'
Building CXX object CMakeFiles/cmTC_96082.dir/CheckIncludeFile.cxx.o
/usr/bin/c++      -o CMakeFiles/cmTC_96082.dir/CheckIncludeFile.cxx.o -c /home/vincy/vin_ws/build/CMakeFiles/CMakeTmp/CheckIncludeFile.cxx
/home/vincy/vin_ws/build/CMakeFiles/CMakeTmp/CheckIncludeFile.cxx:1:17: fatal error: pgm.h: No such file or directory
compilation terminated.
CMakeFiles/cmTC_96082.dir/build.make:65: recipe for target 'CMakeFiles/cmTC_96082.dir/CheckIncludeFile.cxx.o' failed
make[2]: *** [CMakeFiles/cmTC_96082.dir/CheckIncludeFile.cxx.o] Error 1
make[2]: Leaving directory '/home/vincy/vin_ws/build/CMakeFiles/CMakeTmp'
Makefile:126: recipe for target 'cmTC_96082/fast' failed
make[1]: *** [cmTC_96082/fast] Error 2
make[1]: Leaving directory '/home/vincy/vin_ws/build/CMakeFiles/CMakeTmp'


